<?xml version="1.0" encoding="UTF-8"?>
<!-- Generated by org.testng.reporters.JUnitReportReporter -->
<testsuite hostname="DESKTOP-VCDMFAV" failures="0" tests="2" name="ShoppingCart.BrowserStackIoSSafariTest" time="2.957" errors="0" timestamp="2021-08-01T12:03:08 AEST" skipped="0">
  <testcase classname="ShoppingCart.BrowserStackIoSSafariTest" name="firstTestCase" time="0.970"/>
  <system-out/>
  <testcase classname="ShoppingCart.BrowserStackIoSSafariTest" name="secondTestCase" time="1.987"/>
  <system-out/>
</testsuite> <!-- ShoppingCart.BrowserStackIoSSafariTest -->
