<?xml version="1.0" encoding="UTF-8"?>
<!-- Generated by org.testng.reporters.JUnitReportReporter -->
<testsuite hostname="DESKTOP-VCDMFAV" failures="0" tests="2" name="ShoppingCart.BrowserStackWindowsEdgeTest" time="4.554" errors="0" timestamp="2021-08-01T12:06:10 AEST" skipped="0">
  <testcase classname="ShoppingCart.BrowserStackWindowsEdgeTest" name="secondTestCase" time="2.683"/>
  <system-out/>
  <testcase classname="ShoppingCart.BrowserStackWindowsEdgeTest" name="firstTestCase" time="1.871"/>
  <system-out/>
</testsuite> <!-- ShoppingCart.BrowserStackWindowsEdgeTest -->
