<?xml version="1.0" encoding="UTF-8"?>
<!-- Generated by org.testng.reporters.JUnitReportReporter -->
<testsuite hostname="DESKTOP-VCDMFAV" failures="0" tests="2" name="ShoppingCart.LocalChromeTest" time="1.528" errors="0" timestamp="2021-08-01T12:11:12 AEST" skipped="0">
  <testcase classname="ShoppingCart.LocalChromeTest" name="secondTestCase" time="0.926"/>
  <system-out/>
  <testcase classname="ShoppingCart.LocalChromeTest" name="firstTestCase" time="0.602"/>
  <system-out/>
</testsuite> <!-- ShoppingCart.LocalChromeTest -->
