<?xml version="1.0" encoding="UTF-8"?>
<!-- Generated by org.testng.reporters.JUnitReportReporter -->
<testsuite hostname="DESKTOP-VCDMFAV" failures="0" tests="2" name="ShoppingCart.BrowserStackWindowsChromeTest" time="9.652" errors="0" timestamp="2021-08-01T12:04:42 AEST" skipped="0">
  <testcase classname="ShoppingCart.BrowserStackWindowsChromeTest" name="secondTestCase" time="5.201"/>
  <system-out/>
  <testcase classname="ShoppingCart.BrowserStackWindowsChromeTest" name="firstTestCase" time="4.451"/>
  <system-out/>
</testsuite> <!-- ShoppingCart.BrowserStackWindowsChromeTest -->
