<?xml version="1.0" encoding="UTF-8"?>
<!-- Generated by org.testng.reporters.JUnitReportReporter -->
<testsuite hostname="DESKTOP-VCDMFAV" failures="0" tests="2" name="ShoppingCart.BrowserStackWindowsFirefoxTest" time="6.346" errors="0" timestamp="2021-08-01T12:07:19 AEST" skipped="0">
  <testcase classname="ShoppingCart.BrowserStackWindowsFirefoxTest" name="firstTestCase" time="2.180"/>
  <system-out/>
  <testcase classname="ShoppingCart.BrowserStackWindowsFirefoxTest" name="secondTestCase" time="4.166"/>
  <system-out/>
</testsuite> <!-- ShoppingCart.BrowserStackWindowsFirefoxTest -->
