<?xml version="1.0" encoding="UTF-8"?>
<!-- Generated by org.testng.reporters.JUnitReportReporter -->
<testsuite hostname="DESKTOP-VCDMFAV" failures="0" tests="2" name="ShoppingCart.BrowserStackAndroidChromeTest" time="4.668" errors="0" timestamp="2021-08-01T12:01:47 AEST" skipped="0">
  <testcase classname="ShoppingCart.BrowserStackAndroidChromeTest" name="firstTestCase" time="1.536"/>
  <system-out/>
  <testcase classname="ShoppingCart.BrowserStackAndroidChromeTest" name="secondTestCase" time="3.132"/>
  <system-out/>
</testsuite> <!-- ShoppingCart.BrowserStackAndroidChromeTest -->
